2023-02-26 22:17:31,243  INFO [main] LoginPage:33 - Validated Title
2023-02-26 22:17:44,829  INFO [main] LoginPage:38 - Validated Title
2023-02-26 22:17:56,818  INFO [main] LoginPage:43 - Validated Login
2023-02-26 22:18:08,696  INFO [main] LoginPage:43 - Validated Login
2023-02-26 22:18:09,213 DEBUG [main] cache:45 - Couldn't find template in cache for "Extent.ftl"("en_US", UTF-8, parsed); will try to load it.
2023-02-26 22:18:09,215 DEBUG [main] cache:45 - TemplateLoader.findTemplateSource("Extent_en_US.ftl"): Not found
2023-02-26 22:18:09,218 DEBUG [main] cache:45 - TemplateLoader.findTemplateSource("Extent_en.ftl"): Not found
2023-02-26 22:18:09,219 DEBUG [main] cache:45 - TemplateLoader.findTemplateSource("Extent.ftl"): Found
2023-02-26 22:18:09,220 DEBUG [main] cache:45 - Loading template for "Extent.ftl"("en_US", UTF-8, parsed) from "jar:file:/C:/Users/Pasan/.m2/repository/com/relevantcodes/extentreports/2.41.2/extentreports-2.41.2.jar!/com/relevantcodes/extentreports/view/Extent.ftl"
2023-02-26 22:18:09,389 DEBUG [main] cache:45 - Couldn't find template in cache for "Extent.ftl"("en_US", UTF-8, parsed); will try to load it.
2023-02-26 22:18:09,390 DEBUG [main] cache:45 - TemplateLoader.findTemplateSource("Extent_en_US.ftl"): Not found
2023-02-26 22:18:09,391 DEBUG [main] cache:45 - TemplateLoader.findTemplateSource("Extent_en.ftl"): Not found
2023-02-26 22:18:09,391 DEBUG [main] cache:45 - TemplateLoader.findTemplateSource("Extent.ftl"): Found
2023-02-26 22:18:09,391 DEBUG [main] cache:45 - Loading template for "Extent.ftl"("en_US", UTF-8, parsed) from "jar:file:/C:/Users/Pasan/.m2/repository/com/relevantcodes/extentreports/2.41.2/extentreports-2.41.2.jar!/com/relevantcodes/extentreports/view/Extent.ftl"
2023-02-26 22:20:21,274  INFO [main] LoginPage:33 - Validated Title
2023-02-26 22:20:32,689  INFO [main] LoginPage:43 - Validated Login
2023-02-26 22:20:54,923  INFO [main] LoginPage:38 - Validated Title
2023-02-26 22:21:11,283  INFO [main] LoginPage:43 - Validated Login
2023-02-26 22:22:05,570  INFO [main] LoginPage:43 - Validated Login
2023-02-26 22:22:20,345  INFO [main] LoginPage:43 - Validated Login
2023-02-26 22:22:30,471  INFO [main] LoginPage:43 - Validated Login
2023-02-26 22:22:45,617  INFO [main] LoginPage:43 - Validated Login
2023-02-26 22:23:01,049  INFO [main] LoginPage:43 - Validated Login
2023-02-26 22:23:11,054 DEBUG [main] cache:45 - Couldn't find template in cache for "Extent.ftl"("en_US", UTF-8, parsed); will try to load it.
2023-02-26 22:23:11,055 DEBUG [main] cache:45 - TemplateLoader.findTemplateSource("Extent_en_US.ftl"): Not found
2023-02-26 22:23:11,056 DEBUG [main] cache:45 - TemplateLoader.findTemplateSource("Extent_en.ftl"): Not found
2023-02-26 22:23:11,057 DEBUG [main] cache:45 - TemplateLoader.findTemplateSource("Extent.ftl"): Found
2023-02-26 22:23:11,057 DEBUG [main] cache:45 - Loading template for "Extent.ftl"("en_US", UTF-8, parsed) from "jar:file:/C:/Users/Pasan/.m2/repository/com/relevantcodes/extentreports/2.41.2/extentreports-2.41.2.jar!/com/relevantcodes/extentreports/view/Extent.ftl"
2023-02-26 22:23:11,186 DEBUG [main] cache:45 - Couldn't find template in cache for "Extent.ftl"("en_US", UTF-8, parsed); will try to load it.
2023-02-26 22:23:11,186 DEBUG [main] cache:45 - TemplateLoader.findTemplateSource("Extent_en_US.ftl"): Not found
2023-02-26 22:23:11,187 DEBUG [main] cache:45 - TemplateLoader.findTemplateSource("Extent_en.ftl"): Not found
2023-02-26 22:23:11,187 DEBUG [main] cache:45 - TemplateLoader.findTemplateSource("Extent.ftl"): Found
2023-02-26 22:23:11,187 DEBUG [main] cache:45 - Loading template for "Extent.ftl"("en_US", UTF-8, parsed) from "jar:file:/C:/Users/Pasan/.m2/repository/com/relevantcodes/extentreports/2.41.2/extentreports-2.41.2.jar!/com/relevantcodes/extentreports/view/Extent.ftl"
2023-02-26 22:24:52,684  INFO [main] LoginPage:33 - Validated Title
2023-02-26 22:25:13,221  INFO [main] LoginPage:43 - Validated Login
2023-02-26 22:25:33,318  INFO [main] LoginPage:38 - Validated Title
2023-02-26 22:25:54,894  INFO [main] LoginPage:43 - Validated Login
2023-02-26 22:27:01,991  INFO [main] LoginPage:43 - Validated Login
2023-02-26 22:27:18,505  INFO [main] LoginPage:43 - Validated Login
2023-02-26 22:27:30,086  INFO [main] LoginPage:43 - Validated Login
2023-02-26 22:27:51,210  INFO [main] LoginPage:43 - Validated Login
2023-02-26 22:28:06,942  INFO [main] LoginPage:43 - Validated Login
2023-02-26 22:28:18,908 DEBUG [main] cache:45 - Couldn't find template in cache for "Extent.ftl"("en_US", UTF-8, parsed); will try to load it.
2023-02-26 22:28:18,909 DEBUG [main] cache:45 - TemplateLoader.findTemplateSource("Extent_en_US.ftl"): Not found
2023-02-26 22:28:18,910 DEBUG [main] cache:45 - TemplateLoader.findTemplateSource("Extent_en.ftl"): Not found
2023-02-26 22:28:18,911 DEBUG [main] cache:45 - TemplateLoader.findTemplateSource("Extent.ftl"): Found
2023-02-26 22:28:18,911 DEBUG [main] cache:45 - Loading template for "Extent.ftl"("en_US", UTF-8, parsed) from "jar:file:/C:/Users/Pasan/.m2/repository/com/relevantcodes/extentreports/2.41.2/extentreports-2.41.2.jar!/com/relevantcodes/extentreports/view/Extent.ftl"
2023-02-26 22:28:19,048 DEBUG [main] cache:45 - Couldn't find template in cache for "Extent.ftl"("en_US", UTF-8, parsed); will try to load it.
2023-02-26 22:28:19,048 DEBUG [main] cache:45 - TemplateLoader.findTemplateSource("Extent_en_US.ftl"): Not found
2023-02-26 22:28:19,048 DEBUG [main] cache:45 - TemplateLoader.findTemplateSource("Extent_en.ftl"): Not found
2023-02-26 22:28:19,049 DEBUG [main] cache:45 - TemplateLoader.findTemplateSource("Extent.ftl"): Found
2023-02-26 22:28:19,049 DEBUG [main] cache:45 - Loading template for "Extent.ftl"("en_US", UTF-8, parsed) from "jar:file:/C:/Users/Pasan/.m2/repository/com/relevantcodes/extentreports/2.41.2/extentreports-2.41.2.jar!/com/relevantcodes/extentreports/view/Extent.ftl"
2023-03-01 15:53:33,343  INFO [main] LoginPage:43 - Validated Login
2023-03-01 15:53:58,993  INFO [main] LoginPage:43 - Validated Login
2023-03-01 15:54:25,876  INFO [main] LoginPage:43 - Validated Login
2023-03-01 15:54:55,508  INFO [main] LoginPage:43 - Validated Login
2023-03-01 15:55:11,872 DEBUG [main] cache:45 - Couldn't find template in cache for "Extent.ftl"("en_US", UTF-8, parsed); will try to load it.
2023-03-01 15:55:11,874 DEBUG [main] cache:45 - TemplateLoader.findTemplateSource("Extent_en_US.ftl"): Not found
2023-03-01 15:55:11,878 DEBUG [main] cache:45 - TemplateLoader.findTemplateSource("Extent_en.ftl"): Not found
2023-03-01 15:55:11,879 DEBUG [main] cache:45 - TemplateLoader.findTemplateSource("Extent.ftl"): Found
2023-03-01 15:55:11,879 DEBUG [main] cache:45 - Loading template for "Extent.ftl"("en_US", UTF-8, parsed) from "jar:file:/C:/Users/Pasan/.m2/repository/com/relevantcodes/extentreports/2.41.2/extentreports-2.41.2.jar!/com/relevantcodes/extentreports/view/Extent.ftl"
2023-03-01 15:55:12,093 DEBUG [main] cache:45 - Couldn't find template in cache for "Extent.ftl"("en_US", UTF-8, parsed); will try to load it.
2023-03-01 15:55:12,094 DEBUG [main] cache:45 - TemplateLoader.findTemplateSource("Extent_en_US.ftl"): Not found
2023-03-01 15:55:12,094 DEBUG [main] cache:45 - TemplateLoader.findTemplateSource("Extent_en.ftl"): Not found
2023-03-01 15:55:12,094 DEBUG [main] cache:45 - TemplateLoader.findTemplateSource("Extent.ftl"): Found
2023-03-01 15:55:12,094 DEBUG [main] cache:45 - Loading template for "Extent.ftl"("en_US", UTF-8, parsed) from "jar:file:/C:/Users/Pasan/.m2/repository/com/relevantcodes/extentreports/2.41.2/extentreports-2.41.2.jar!/com/relevantcodes/extentreports/view/Extent.ftl"
2023-03-01 16:10:03,868  INFO [main] LoginPage:43 - Validated Login
2023-03-01 16:10:23,480  INFO [main] LoginPage:43 - Validated Login
2023-03-01 16:10:45,827  INFO [main] LoginPage:43 - Validated Login
2023-03-01 16:11:15,093  INFO [main] LoginPage:43 - Validated Login
2023-03-01 16:11:34,142 DEBUG [main] cache:45 - Couldn't find template in cache for "Extent.ftl"("en_US", UTF-8, parsed); will try to load it.
2023-03-01 16:11:34,144 DEBUG [main] cache:45 - TemplateLoader.findTemplateSource("Extent_en_US.ftl"): Not found
2023-03-01 16:11:34,145 DEBUG [main] cache:45 - TemplateLoader.findTemplateSource("Extent_en.ftl"): Not found
2023-03-01 16:11:34,147 DEBUG [main] cache:45 - TemplateLoader.findTemplateSource("Extent.ftl"): Found
2023-03-01 16:11:34,147 DEBUG [main] cache:45 - Loading template for "Extent.ftl"("en_US", UTF-8, parsed) from "jar:file:/C:/Users/Pasan/.m2/repository/com/relevantcodes/extentreports/2.41.2/extentreports-2.41.2.jar!/com/relevantcodes/extentreports/view/Extent.ftl"
2023-03-01 16:11:34,296 DEBUG [main] cache:45 - Couldn't find template in cache for "Extent.ftl"("en_US", UTF-8, parsed); will try to load it.
2023-03-01 16:11:34,297 DEBUG [main] cache:45 - TemplateLoader.findTemplateSource("Extent_en_US.ftl"): Not found
2023-03-01 16:11:34,297 DEBUG [main] cache:45 - TemplateLoader.findTemplateSource("Extent_en.ftl"): Not found
2023-03-01 16:11:34,297 DEBUG [main] cache:45 - TemplateLoader.findTemplateSource("Extent.ftl"): Found
2023-03-01 16:11:34,298 DEBUG [main] cache:45 - Loading template for "Extent.ftl"("en_US", UTF-8, parsed) from "jar:file:/C:/Users/Pasan/.m2/repository/com/relevantcodes/extentreports/2.41.2/extentreports-2.41.2.jar!/com/relevantcodes/extentreports/view/Extent.ftl"
2023-03-01 16:14:08,160  INFO [main] LoginPage:43 - Validated Login
2023-03-01 16:15:57,684  INFO [main] LoginPage:43 - Validated Login
2023-03-01 16:18:00,589  INFO [main] LoginPage:43 - Validated Login
2023-03-01 16:18:21,304  INFO [main] LoginPage:43 - Validated Login
2023-03-01 16:19:19,715  INFO [main] LoginPage:43 - Validated Login
2023-03-01 16:19:43,500  INFO [main] LoginPage:43 - Validated Login
2023-03-01 16:19:55,105 DEBUG [main] cache:45 - Couldn't find template in cache for "Extent.ftl"("en_US", UTF-8, parsed); will try to load it.
2023-03-01 16:19:55,108 DEBUG [main] cache:45 - TemplateLoader.findTemplateSource("Extent_en_US.ftl"): Not found
2023-03-01 16:19:55,111 DEBUG [main] cache:45 - TemplateLoader.findTemplateSource("Extent_en.ftl"): Not found
2023-03-01 16:19:55,113 DEBUG [main] cache:45 - TemplateLoader.findTemplateSource("Extent.ftl"): Found
2023-03-01 16:19:55,113 DEBUG [main] cache:45 - Loading template for "Extent.ftl"("en_US", UTF-8, parsed) from "jar:file:/C:/Users/Pasan/.m2/repository/com/relevantcodes/extentreports/2.41.2/extentreports-2.41.2.jar!/com/relevantcodes/extentreports/view/Extent.ftl"
2023-03-01 16:19:55,288 DEBUG [main] cache:45 - Couldn't find template in cache for "Extent.ftl"("en_US", UTF-8, parsed); will try to load it.
2023-03-01 16:19:55,288 DEBUG [main] cache:45 - TemplateLoader.findTemplateSource("Extent_en_US.ftl"): Not found
2023-03-01 16:19:55,289 DEBUG [main] cache:45 - TemplateLoader.findTemplateSource("Extent_en.ftl"): Not found
2023-03-01 16:19:55,290 DEBUG [main] cache:45 - TemplateLoader.findTemplateSource("Extent.ftl"): Found
2023-03-01 16:19:55,290 DEBUG [main] cache:45 - Loading template for "Extent.ftl"("en_US", UTF-8, parsed) from "jar:file:/C:/Users/Pasan/.m2/repository/com/relevantcodes/extentreports/2.41.2/extentreports-2.41.2.jar!/com/relevantcodes/extentreports/view/Extent.ftl"
2023-03-01 16:26:57,922  INFO [main] LoginPage:43 - Validated Login
2023-03-01 16:27:46,918  INFO [main] LoginPage:43 - Validated Login
2023-03-01 16:28:21,895  INFO [main] LoginPage:43 - Validated Login
2023-03-01 16:28:57,060  INFO [main] LoginPage:43 - Validated Login
2023-03-01 16:29:08,872 DEBUG [main] cache:45 - Couldn't find template in cache for "Extent.ftl"("en_US", UTF-8, parsed); will try to load it.
2023-03-01 16:29:08,875 DEBUG [main] cache:45 - TemplateLoader.findTemplateSource("Extent_en_US.ftl"): Not found
2023-03-01 16:29:08,876 DEBUG [main] cache:45 - TemplateLoader.findTemplateSource("Extent_en.ftl"): Not found
2023-03-01 16:29:08,878 DEBUG [main] cache:45 - TemplateLoader.findTemplateSource("Extent.ftl"): Found
2023-03-01 16:29:08,878 DEBUG [main] cache:45 - Loading template for "Extent.ftl"("en_US", UTF-8, parsed) from "jar:file:/C:/Users/Pasan/.m2/repository/com/relevantcodes/extentreports/2.41.2/extentreports-2.41.2.jar!/com/relevantcodes/extentreports/view/Extent.ftl"
2023-03-01 16:29:09,036 DEBUG [main] cache:45 - Couldn't find template in cache for "Extent.ftl"("en_US", UTF-8, parsed); will try to load it.
2023-03-01 16:29:09,036 DEBUG [main] cache:45 - TemplateLoader.findTemplateSource("Extent_en_US.ftl"): Not found
2023-03-01 16:29:09,036 DEBUG [main] cache:45 - TemplateLoader.findTemplateSource("Extent_en.ftl"): Not found
2023-03-01 16:29:09,037 DEBUG [main] cache:45 - TemplateLoader.findTemplateSource("Extent.ftl"): Found
2023-03-01 16:29:09,037 DEBUG [main] cache:45 - Loading template for "Extent.ftl"("en_US", UTF-8, parsed) from "jar:file:/C:/Users/Pasan/.m2/repository/com/relevantcodes/extentreports/2.41.2/extentreports-2.41.2.jar!/com/relevantcodes/extentreports/view/Extent.ftl"
2023-03-01 20:40:32,619 DEBUG [main] cache:45 - Couldn't find template in cache for "Extent.ftl"("en_US", UTF-8, parsed); will try to load it.
2023-03-01 20:40:32,622 DEBUG [main] cache:45 - TemplateLoader.findTemplateSource("Extent_en_US.ftl"): Not found
2023-03-01 20:40:32,624 DEBUG [main] cache:45 - TemplateLoader.findTemplateSource("Extent_en.ftl"): Not found
2023-03-01 20:40:32,625 DEBUG [main] cache:45 - TemplateLoader.findTemplateSource("Extent.ftl"): Found
2023-03-01 20:40:32,625 DEBUG [main] cache:45 - Loading template for "Extent.ftl"("en_US", UTF-8, parsed) from "jar:file:/C:/Users/Pasan/.m2/repository/com/relevantcodes/extentreports/2.41.2/extentreports-2.41.2.jar!/com/relevantcodes/extentreports/view/Extent.ftl"
2023-03-01 20:40:32,966 DEBUG [main] cache:45 - Couldn't find template in cache for "Extent.ftl"("en_US", UTF-8, parsed); will try to load it.
2023-03-01 20:40:32,966 DEBUG [main] cache:45 - TemplateLoader.findTemplateSource("Extent_en_US.ftl"): Not found
2023-03-01 20:40:32,968 DEBUG [main] cache:45 - TemplateLoader.findTemplateSource("Extent_en.ftl"): Not found
2023-03-01 20:40:32,968 DEBUG [main] cache:45 - TemplateLoader.findTemplateSource("Extent.ftl"): Found
2023-03-01 20:40:32,968 DEBUG [main] cache:45 - Loading template for "Extent.ftl"("en_US", UTF-8, parsed) from "jar:file:/C:/Users/Pasan/.m2/repository/com/relevantcodes/extentreports/2.41.2/extentreports-2.41.2.jar!/com/relevantcodes/extentreports/view/Extent.ftl"
2023-03-01 20:48:51,498  INFO [main] LoginPage:47 - Validated Login
2023-03-01 20:49:03,489 DEBUG [main] cache:45 - Couldn't find template in cache for "Extent.ftl"("en_US", UTF-8, parsed); will try to load it.
2023-03-01 20:49:03,491 DEBUG [main] cache:45 - TemplateLoader.findTemplateSource("Extent_en_US.ftl"): Not found
2023-03-01 20:49:03,493 DEBUG [main] cache:45 - TemplateLoader.findTemplateSource("Extent_en.ftl"): Not found
2023-03-01 20:49:03,495 DEBUG [main] cache:45 - TemplateLoader.findTemplateSource("Extent.ftl"): Found
2023-03-01 20:49:03,496 DEBUG [main] cache:45 - Loading template for "Extent.ftl"("en_US", UTF-8, parsed) from "jar:file:/C:/Users/Pasan/.m2/repository/com/relevantcodes/extentreports/2.41.2/extentreports-2.41.2.jar!/com/relevantcodes/extentreports/view/Extent.ftl"
2023-03-01 20:49:03,634 DEBUG [main] cache:45 - Couldn't find template in cache for "Extent.ftl"("en_US", UTF-8, parsed); will try to load it.
2023-03-01 20:49:03,636 DEBUG [main] cache:45 - TemplateLoader.findTemplateSource("Extent_en_US.ftl"): Not found
2023-03-01 20:49:03,637 DEBUG [main] cache:45 - TemplateLoader.findTemplateSource("Extent_en.ftl"): Not found
2023-03-01 20:49:03,639 DEBUG [main] cache:45 - TemplateLoader.findTemplateSource("Extent.ftl"): Found
2023-03-01 20:49:03,639 DEBUG [main] cache:45 - Loading template for "Extent.ftl"("en_US", UTF-8, parsed) from "jar:file:/C:/Users/Pasan/.m2/repository/com/relevantcodes/extentreports/2.41.2/extentreports-2.41.2.jar!/com/relevantcodes/extentreports/view/Extent.ftl"
2023-03-01 20:50:29,715  INFO [main] LoginPage:47 - Validated Login
2023-03-01 21:08:29,001  INFO [main] LoginPage:47 - Validated Login
2023-03-01 21:09:05,710  INFO [main] LoginPage:47 - Validated Login
2023-03-01 21:09:13,693 DEBUG [main] cache:45 - Couldn't find template in cache for "Extent.ftl"("en_US", UTF-8, parsed); will try to load it.
2023-03-01 21:09:13,696 DEBUG [main] cache:45 - TemplateLoader.findTemplateSource("Extent_en_US.ftl"): Not found
2023-03-01 21:09:13,698 DEBUG [main] cache:45 - TemplateLoader.findTemplateSource("Extent_en.ftl"): Not found
2023-03-01 21:09:13,701 DEBUG [main] cache:45 - TemplateLoader.findTemplateSource("Extent.ftl"): Found
2023-03-01 21:09:13,703 DEBUG [main] cache:45 - Loading template for "Extent.ftl"("en_US", UTF-8, parsed) from "jar:file:/C:/Users/Pasan/.m2/repository/com/relevantcodes/extentreports/2.41.2/extentreports-2.41.2.jar!/com/relevantcodes/extentreports/view/Extent.ftl"
2023-03-01 21:09:13,851 DEBUG [main] cache:45 - Couldn't find template in cache for "Extent.ftl"("en_US", UTF-8, parsed); will try to load it.
2023-03-01 21:09:13,851 DEBUG [main] cache:45 - TemplateLoader.findTemplateSource("Extent_en_US.ftl"): Not found
2023-03-01 21:09:13,852 DEBUG [main] cache:45 - TemplateLoader.findTemplateSource("Extent_en.ftl"): Not found
2023-03-01 21:09:13,852 DEBUG [main] cache:45 - TemplateLoader.findTemplateSource("Extent.ftl"): Found
2023-03-01 21:09:13,852 DEBUG [main] cache:45 - Loading template for "Extent.ftl"("en_US", UTF-8, parsed) from "jar:file:/C:/Users/Pasan/.m2/repository/com/relevantcodes/extentreports/2.41.2/extentreports-2.41.2.jar!/com/relevantcodes/extentreports/view/Extent.ftl"
2023-03-01 21:11:01,215  INFO [main] LoginPage:47 - Validated Login
2023-03-01 21:11:34,250  INFO [main] LoginPage:47 - Validated Login
2023-03-01 21:11:42,245 DEBUG [main] cache:45 - Couldn't find template in cache for "Extent.ftl"("en_US", UTF-8, parsed); will try to load it.
2023-03-01 21:11:42,248 DEBUG [main] cache:45 - TemplateLoader.findTemplateSource("Extent_en_US.ftl"): Not found
2023-03-01 21:11:42,254 DEBUG [main] cache:45 - TemplateLoader.findTemplateSource("Extent_en.ftl"): Not found
2023-03-01 21:11:42,257 DEBUG [main] cache:45 - TemplateLoader.findTemplateSource("Extent.ftl"): Found
2023-03-01 21:11:42,258 DEBUG [main] cache:45 - Loading template for "Extent.ftl"("en_US", UTF-8, parsed) from "jar:file:/C:/Users/Pasan/.m2/repository/com/relevantcodes/extentreports/2.41.2/extentreports-2.41.2.jar!/com/relevantcodes/extentreports/view/Extent.ftl"
2023-03-01 21:11:42,403 DEBUG [main] cache:45 - Couldn't find template in cache for "Extent.ftl"("en_US", UTF-8, parsed); will try to load it.
2023-03-01 21:11:42,404 DEBUG [main] cache:45 - TemplateLoader.findTemplateSource("Extent_en_US.ftl"): Not found
2023-03-01 21:11:42,404 DEBUG [main] cache:45 - TemplateLoader.findTemplateSource("Extent_en.ftl"): Not found
2023-03-01 21:11:42,404 DEBUG [main] cache:45 - TemplateLoader.findTemplateSource("Extent.ftl"): Found
2023-03-01 21:11:42,405 DEBUG [main] cache:45 - Loading template for "Extent.ftl"("en_US", UTF-8, parsed) from "jar:file:/C:/Users/Pasan/.m2/repository/com/relevantcodes/extentreports/2.41.2/extentreports-2.41.2.jar!/com/relevantcodes/extentreports/view/Extent.ftl"
2023-03-01 21:12:20,889  INFO [main] LoginPage:47 - Validated Login
2023-03-01 21:12:45,499  INFO [main] LoginPage:47 - Validated Login
2023-03-01 21:13:16,210  INFO [main] LoginPage:47 - Validated Login
2023-03-01 21:13:57,587  INFO [main] LoginPage:47 - Validated Login
2023-03-01 21:15:04,772  INFO [main] LoginPage:47 - Validated Login
2023-03-01 21:16:28,681  INFO [main] LoginPage:47 - Validated Login
2023-03-01 21:17:59,659 DEBUG [main] cache:45 - Couldn't find template in cache for "Extent.ftl"("en_US", UTF-8, parsed); will try to load it.
2023-03-01 21:17:59,663 DEBUG [main] cache:45 - TemplateLoader.findTemplateSource("Extent_en_US.ftl"): Not found
2023-03-01 21:17:59,664 DEBUG [main] cache:45 - TemplateLoader.findTemplateSource("Extent_en.ftl"): Not found
2023-03-01 21:17:59,666 DEBUG [main] cache:45 - TemplateLoader.findTemplateSource("Extent.ftl"): Found
2023-03-01 21:17:59,666 DEBUG [main] cache:45 - Loading template for "Extent.ftl"("en_US", UTF-8, parsed) from "jar:file:/C:/Users/Pasan/.m2/repository/com/relevantcodes/extentreports/2.41.2/extentreports-2.41.2.jar!/com/relevantcodes/extentreports/view/Extent.ftl"
2023-03-01 21:17:59,826 DEBUG [main] cache:45 - Couldn't find template in cache for "Extent.ftl"("en_US", UTF-8, parsed); will try to load it.
2023-03-01 21:17:59,826 DEBUG [main] cache:45 - TemplateLoader.findTemplateSource("Extent_en_US.ftl"): Not found
2023-03-01 21:17:59,827 DEBUG [main] cache:45 - TemplateLoader.findTemplateSource("Extent_en.ftl"): Not found
2023-03-01 21:17:59,827 DEBUG [main] cache:45 - TemplateLoader.findTemplateSource("Extent.ftl"): Found
2023-03-01 21:17:59,827 DEBUG [main] cache:45 - Loading template for "Extent.ftl"("en_US", UTF-8, parsed) from "jar:file:/C:/Users/Pasan/.m2/repository/com/relevantcodes/extentreports/2.41.2/extentreports-2.41.2.jar!/com/relevantcodes/extentreports/view/Extent.ftl"
2023-03-01 21:21:57,101  INFO [main] LoginPage:47 - Validated Login
2023-03-01 21:22:23,115  INFO [main] LoginPage:47 - Validated Login
2023-03-01 21:22:54,385  INFO [main] LoginPage:47 - Validated Login
2023-03-01 21:25:35,192 DEBUG [main] cache:45 - Couldn't find template in cache for "Extent.ftl"("en_US", UTF-8, parsed); will try to load it.
2023-03-01 21:25:35,194 DEBUG [main] cache:45 - TemplateLoader.findTemplateSource("Extent_en_US.ftl"): Not found
2023-03-01 21:25:35,196 DEBUG [main] cache:45 - TemplateLoader.findTemplateSource("Extent_en.ftl"): Not found
2023-03-01 21:25:35,197 DEBUG [main] cache:45 - TemplateLoader.findTemplateSource("Extent.ftl"): Found
2023-03-01 21:25:35,197 DEBUG [main] cache:45 - Loading template for "Extent.ftl"("en_US", UTF-8, parsed) from "jar:file:/C:/Users/Pasan/.m2/repository/com/relevantcodes/extentreports/2.41.2/extentreports-2.41.2.jar!/com/relevantcodes/extentreports/view/Extent.ftl"
2023-03-01 21:25:35,351 DEBUG [main] cache:45 - Couldn't find template in cache for "Extent.ftl"("en_US", UTF-8, parsed); will try to load it.
2023-03-01 21:25:35,351 DEBUG [main] cache:45 - TemplateLoader.findTemplateSource("Extent_en_US.ftl"): Not found
2023-03-01 21:25:35,352 DEBUG [main] cache:45 - TemplateLoader.findTemplateSource("Extent_en.ftl"): Not found
2023-03-01 21:25:35,353 DEBUG [main] cache:45 - TemplateLoader.findTemplateSource("Extent.ftl"): Found
2023-03-01 21:25:35,353 DEBUG [main] cache:45 - Loading template for "Extent.ftl"("en_US", UTF-8, parsed) from "jar:file:/C:/Users/Pasan/.m2/repository/com/relevantcodes/extentreports/2.41.2/extentreports-2.41.2.jar!/com/relevantcodes/extentreports/view/Extent.ftl"
2023-03-01 21:31:03,400 DEBUG [main] cache:45 - Couldn't find template in cache for "Extent.ftl"("en_US", UTF-8, parsed); will try to load it.
2023-03-01 21:31:03,405 DEBUG [main] cache:45 - TemplateLoader.findTemplateSource("Extent_en_US.ftl"): Not found
2023-03-01 21:31:03,410 DEBUG [main] cache:45 - TemplateLoader.findTemplateSource("Extent_en.ftl"): Not found
2023-03-01 21:31:03,411 DEBUG [main] cache:45 - TemplateLoader.findTemplateSource("Extent.ftl"): Found
2023-03-01 21:31:03,412 DEBUG [main] cache:45 - Loading template for "Extent.ftl"("en_US", UTF-8, parsed) from "jar:file:/C:/Users/Pasan/.m2/repository/com/relevantcodes/extentreports/2.41.2/extentreports-2.41.2.jar!/com/relevantcodes/extentreports/view/Extent.ftl"
2023-03-01 21:31:03,551 DEBUG [main] cache:45 - Couldn't find template in cache for "Extent.ftl"("en_US", UTF-8, parsed); will try to load it.
2023-03-01 21:31:03,551 DEBUG [main] cache:45 - TemplateLoader.findTemplateSource("Extent_en_US.ftl"): Not found
2023-03-01 21:31:03,552 DEBUG [main] cache:45 - TemplateLoader.findTemplateSource("Extent_en.ftl"): Not found
2023-03-01 21:31:03,552 DEBUG [main] cache:45 - TemplateLoader.findTemplateSource("Extent.ftl"): Found
2023-03-01 21:31:03,553 DEBUG [main] cache:45 - Loading template for "Extent.ftl"("en_US", UTF-8, parsed) from "jar:file:/C:/Users/Pasan/.m2/repository/com/relevantcodes/extentreports/2.41.2/extentreports-2.41.2.jar!/com/relevantcodes/extentreports/view/Extent.ftl"
2023-03-01 21:32:06,154  INFO [main] LoginPage:47 - Validated Login
2023-03-01 21:32:49,027  INFO [main] LoginPage:47 - Validated Login
2023-03-01 21:34:54,431 DEBUG [main] cache:45 - Couldn't find template in cache for "Extent.ftl"("en_US", UTF-8, parsed); will try to load it.
2023-03-01 21:34:54,435 DEBUG [main] cache:45 - TemplateLoader.findTemplateSource("Extent_en_US.ftl"): Not found
2023-03-01 21:34:54,438 DEBUG [main] cache:45 - TemplateLoader.findTemplateSource("Extent_en.ftl"): Not found
2023-03-01 21:34:54,439 DEBUG [main] cache:45 - TemplateLoader.findTemplateSource("Extent.ftl"): Found
2023-03-01 21:34:54,440 DEBUG [main] cache:45 - Loading template for "Extent.ftl"("en_US", UTF-8, parsed) from "jar:file:/C:/Users/Pasan/.m2/repository/com/relevantcodes/extentreports/2.41.2/extentreports-2.41.2.jar!/com/relevantcodes/extentreports/view/Extent.ftl"
2023-03-01 21:34:54,642 DEBUG [main] cache:45 - Couldn't find template in cache for "Extent.ftl"("en_US", UTF-8, parsed); will try to load it.
2023-03-01 21:34:54,643 DEBUG [main] cache:45 - TemplateLoader.findTemplateSource("Extent_en_US.ftl"): Not found
2023-03-01 21:34:54,644 DEBUG [main] cache:45 - TemplateLoader.findTemplateSource("Extent_en.ftl"): Not found
2023-03-01 21:34:54,644 DEBUG [main] cache:45 - TemplateLoader.findTemplateSource("Extent.ftl"): Found
2023-03-01 21:34:54,645 DEBUG [main] cache:45 - Loading template for "Extent.ftl"("en_US", UTF-8, parsed) from "jar:file:/C:/Users/Pasan/.m2/repository/com/relevantcodes/extentreports/2.41.2/extentreports-2.41.2.jar!/com/relevantcodes/extentreports/view/Extent.ftl"
2023-03-01 21:39:26,351  INFO [main] LoginPage:47 - Validated Login
2023-03-01 21:41:44,532  INFO [main] LoginPage:47 - Validated Login
2023-03-01 21:42:17,166  INFO [main] LoginPage:47 - Validated Login
2023-03-01 21:42:50,812  INFO [main] LoginPage:47 - Validated Login
2023-03-01 21:43:27,766  INFO [main] LoginPage:47 - Validated Login
2023-03-01 21:44:40,252  INFO [main] LoginPage:47 - Validated Login
2023-03-01 21:52:38,225  INFO [main] LoginPage:47 - Validated Login
2023-03-01 22:08:09,633  INFO [main] LoginPage:47 - Validated Login
2023-03-01 22:08:41,654  INFO [main] LoginPage:47 - Validated Login
2023-03-01 22:27:42,651  INFO [main] LoginPage:47 - Validated Login
2023-03-01 22:29:09,577 DEBUG [main] cache:45 - Couldn't find template in cache for "Extent.ftl"("en_US", UTF-8, parsed); will try to load it.
2023-03-01 22:29:09,580 DEBUG [main] cache:45 - TemplateLoader.findTemplateSource("Extent_en_US.ftl"): Not found
2023-03-01 22:29:09,583 DEBUG [main] cache:45 - TemplateLoader.findTemplateSource("Extent_en.ftl"): Not found
2023-03-01 22:29:09,586 DEBUG [main] cache:45 - TemplateLoader.findTemplateSource("Extent.ftl"): Found
2023-03-01 22:29:09,588 DEBUG [main] cache:45 - Loading template for "Extent.ftl"("en_US", UTF-8, parsed) from "jar:file:/C:/Users/Pasan/.m2/repository/com/relevantcodes/extentreports/2.41.2/extentreports-2.41.2.jar!/com/relevantcodes/extentreports/view/Extent.ftl"
2023-03-01 22:29:09,771 DEBUG [main] cache:45 - Couldn't find template in cache for "Extent.ftl"("en_US", UTF-8, parsed); will try to load it.
2023-03-01 22:29:09,772 DEBUG [main] cache:45 - TemplateLoader.findTemplateSource("Extent_en_US.ftl"): Not found
2023-03-01 22:29:09,772 DEBUG [main] cache:45 - TemplateLoader.findTemplateSource("Extent_en.ftl"): Not found
2023-03-01 22:29:09,773 DEBUG [main] cache:45 - TemplateLoader.findTemplateSource("Extent.ftl"): Found
2023-03-01 22:29:09,773 DEBUG [main] cache:45 - Loading template for "Extent.ftl"("en_US", UTF-8, parsed) from "jar:file:/C:/Users/Pasan/.m2/repository/com/relevantcodes/extentreports/2.41.2/extentreports-2.41.2.jar!/com/relevantcodes/extentreports/view/Extent.ftl"
2023-03-01 22:29:44,126  INFO [main] LoginPage:47 - Validated Login
2023-03-01 22:30:51,967  INFO [main] LoginPage:47 - Validated Login
2023-03-01 22:32:12,738  INFO [main] LoginPage:47 - Validated Login
2023-03-01 22:32:49,980  INFO [main] LoginPage:47 - Validated Login
2023-03-01 22:38:03,965  INFO [main] LoginPage:47 - Validated Login
2023-03-01 22:38:39,712  INFO [main] LoginPage:47 - Validated Login
2023-03-01 22:42:01,564  INFO [main] LoginPage:47 - Validated Login
2023-03-01 22:44:25,111  INFO [main] LoginPage:47 - Validated Login
2023-03-01 22:48:46,090  INFO [main] LoginPage:47 - Validated Login
2023-03-01 22:50:20,666  INFO [main] LoginPage:47 - Validated Login
2023-03-01 22:53:23,776  INFO [main] LoginPage:47 - Validated Login
2023-03-01 22:59:18,047  INFO [main] LoginPage:47 - Validated Login
2023-03-01 23:02:39,304  INFO [main] LoginPage:47 - Validated Login
2023-03-01 23:05:08,580  INFO [main] LoginPage:47 - Validated Login
2023-03-01 23:06:33,350 DEBUG [main] cache:45 - Couldn't find template in cache for "Extent.ftl"("en_US", UTF-8, parsed); will try to load it.
2023-03-01 23:06:33,354 DEBUG [main] cache:45 - TemplateLoader.findTemplateSource("Extent_en_US.ftl"): Not found
2023-03-01 23:06:33,356 DEBUG [main] cache:45 - TemplateLoader.findTemplateSource("Extent_en.ftl"): Not found
2023-03-01 23:06:33,363 DEBUG [main] cache:45 - TemplateLoader.findTemplateSource("Extent.ftl"): Found
2023-03-01 23:06:33,364 DEBUG [main] cache:45 - Loading template for "Extent.ftl"("en_US", UTF-8, parsed) from "jar:file:/C:/Users/Pasan/.m2/repository/com/relevantcodes/extentreports/2.41.2/extentreports-2.41.2.jar!/com/relevantcodes/extentreports/view/Extent.ftl"
2023-03-01 23:06:33,573 DEBUG [main] cache:45 - Couldn't find template in cache for "Extent.ftl"("en_US", UTF-8, parsed); will try to load it.
2023-03-01 23:06:33,574 DEBUG [main] cache:45 - TemplateLoader.findTemplateSource("Extent_en_US.ftl"): Not found
2023-03-01 23:06:33,574 DEBUG [main] cache:45 - TemplateLoader.findTemplateSource("Extent_en.ftl"): Not found
2023-03-01 23:06:33,574 DEBUG [main] cache:45 - TemplateLoader.findTemplateSource("Extent.ftl"): Found
2023-03-01 23:06:33,575 DEBUG [main] cache:45 - Loading template for "Extent.ftl"("en_US", UTF-8, parsed) from "jar:file:/C:/Users/Pasan/.m2/repository/com/relevantcodes/extentreports/2.41.2/extentreports-2.41.2.jar!/com/relevantcodes/extentreports/view/Extent.ftl"
2023-03-01 23:07:22,825  INFO [main] LoginPage:47 - Validated Login
2023-03-01 23:08:11,370  INFO [main] LoginPage:47 - Validated Login
2023-03-01 23:08:45,645  INFO [main] LoginPage:47 - Validated Login
2023-03-01 23:09:14,498  INFO [main] LoginPage:47 - Validated Login
2023-03-01 23:09:35,974  INFO [main] LoginPage:47 - Validated Login
2023-03-01 23:09:55,088  INFO [main] LoginPage:47 - Validated Login
2023-03-01 23:10:27,821  INFO [main] LoginPage:47 - Validated Login
2023-03-01 23:10:35,319 DEBUG [main] cache:45 - Couldn't find template in cache for "Extent.ftl"("en_US", UTF-8, parsed); will try to load it.
2023-03-01 23:10:35,320 DEBUG [main] cache:45 - TemplateLoader.findTemplateSource("Extent_en_US.ftl"): Not found
2023-03-01 23:10:35,322 DEBUG [main] cache:45 - TemplateLoader.findTemplateSource("Extent_en.ftl"): Not found
2023-03-01 23:10:35,324 DEBUG [main] cache:45 - TemplateLoader.findTemplateSource("Extent.ftl"): Found
2023-03-01 23:10:35,325 DEBUG [main] cache:45 - Loading template for "Extent.ftl"("en_US", UTF-8, parsed) from "jar:file:/C:/Users/Pasan/.m2/repository/com/relevantcodes/extentreports/2.41.2/extentreports-2.41.2.jar!/com/relevantcodes/extentreports/view/Extent.ftl"
2023-03-01 23:10:35,480 DEBUG [main] cache:45 - Couldn't find template in cache for "Extent.ftl"("en_US", UTF-8, parsed); will try to load it.
2023-03-01 23:10:35,481 DEBUG [main] cache:45 - TemplateLoader.findTemplateSource("Extent_en_US.ftl"): Not found
2023-03-01 23:10:35,481 DEBUG [main] cache:45 - TemplateLoader.findTemplateSource("Extent_en.ftl"): Not found
2023-03-01 23:10:35,481 DEBUG [main] cache:45 - TemplateLoader.findTemplateSource("Extent.ftl"): Found
2023-03-01 23:10:35,483 DEBUG [main] cache:45 - Loading template for "Extent.ftl"("en_US", UTF-8, parsed) from "jar:file:/C:/Users/Pasan/.m2/repository/com/relevantcodes/extentreports/2.41.2/extentreports-2.41.2.jar!/com/relevantcodes/extentreports/view/Extent.ftl"
2023-03-01 23:11:35,677  INFO [main] LoginPage:47 - Validated Login
2023-03-01 23:12:52,864  INFO [main] LoginPage:47 - Validated Login
2023-03-01 23:13:16,145  INFO [main] LoginPage:47 - Validated Login
2023-03-01 23:13:47,496  INFO [main] LoginPage:47 - Validated Login
2023-03-01 23:14:19,456  INFO [main] LoginPage:47 - Validated Login
2023-03-01 23:14:50,066  INFO [main] LoginPage:47 - Validated Login
2023-03-01 23:15:14,697  INFO [main] LoginPage:47 - Validated Login
2023-03-01 23:15:46,566  INFO [main] LoginPage:47 - Validated Login
2023-03-01 23:15:54,750 DEBUG [main] cache:45 - Couldn't find template in cache for "Extent.ftl"("en_US", UTF-8, parsed); will try to load it.
2023-03-01 23:15:54,752 DEBUG [main] cache:45 - TemplateLoader.findTemplateSource("Extent_en_US.ftl"): Not found
2023-03-01 23:15:54,754 DEBUG [main] cache:45 - TemplateLoader.findTemplateSource("Extent_en.ftl"): Not found
2023-03-01 23:15:54,755 DEBUG [main] cache:45 - TemplateLoader.findTemplateSource("Extent.ftl"): Found
2023-03-01 23:15:54,756 DEBUG [main] cache:45 - Loading template for "Extent.ftl"("en_US", UTF-8, parsed) from "jar:file:/C:/Users/Pasan/.m2/repository/com/relevantcodes/extentreports/2.41.2/extentreports-2.41.2.jar!/com/relevantcodes/extentreports/view/Extent.ftl"
2023-03-01 23:15:54,887 DEBUG [main] cache:45 - Couldn't find template in cache for "Extent.ftl"("en_US", UTF-8, parsed); will try to load it.
2023-03-01 23:15:54,887 DEBUG [main] cache:45 - TemplateLoader.findTemplateSource("Extent_en_US.ftl"): Not found
2023-03-01 23:15:54,888 DEBUG [main] cache:45 - TemplateLoader.findTemplateSource("Extent_en.ftl"): Not found
2023-03-01 23:15:54,888 DEBUG [main] cache:45 - TemplateLoader.findTemplateSource("Extent.ftl"): Found
2023-03-01 23:15:54,888 DEBUG [main] cache:45 - Loading template for "Extent.ftl"("en_US", UTF-8, parsed) from "jar:file:/C:/Users/Pasan/.m2/repository/com/relevantcodes/extentreports/2.41.2/extentreports-2.41.2.jar!/com/relevantcodes/extentreports/view/Extent.ftl"
2023-03-01 23:36:09,385  INFO [main] LoginPage:47 - Validated Login
2023-03-01 23:37:05,796  INFO [main] LoginPage:47 - Validated Login
2023-03-01 23:37:41,893  INFO [main] LoginPage:47 - Validated Login
2023-03-01 23:38:15,949  INFO [main] LoginPage:47 - Validated Login
2023-03-01 23:38:44,761  INFO [main] LoginPage:47 - Validated Login
2023-03-01 23:41:38,437  INFO [main] LoginPage:47 - Validated Login
2023-03-01 23:45:42,642  INFO [main] LoginPage:47 - Validated Login
2023-03-01 23:47:25,279  INFO [main] LoginPage:47 - Validated Login
2023-03-01 23:55:04,426  INFO [main] LoginPage:47 - Validated Login
2023-03-01 23:58:05,404  INFO [main] LoginPage:47 - Validated Login
2023-03-02 00:04:58,692  INFO [main] LoginPage:47 - Validated Login
2023-03-02 00:07:12,774  INFO [main] LoginPage:47 - Validated Login
2023-03-02 00:09:04,883  INFO [main] LoginPage:47 - Validated Login
2023-03-02 00:16:27,296  INFO [main] LoginPage:47 - Validated Login
2023-03-05 08:58:19,405  INFO [main] LoginPage:47 - Validated Login
2023-03-05 09:03:51,180  INFO [main] LoginPage:47 - Validated Login
2023-03-05 09:08:35,551  INFO [main] LoginPage:47 - Validated Login
2023-03-05 09:10:20,127  INFO [main] LoginPage:47 - Validated Login
2023-03-05 09:13:49,113  INFO [main] LoginPage:47 - Validated Login
2023-03-05 09:36:55,417  INFO [main] LoginPage:47 - Validated Login
2023-03-05 09:38:27,438  INFO [main] LoginPage:47 - Validated Login
2023-03-05 09:39:46,766  INFO [main] LoginPage:47 - Validated Login
2023-03-05 09:45:09,565  INFO [main] LoginPage:47 - Validated Login
2023-03-05 09:48:21,381  INFO [main] LoginPage:47 - Validated Login
2023-03-05 09:51:26,577  INFO [main] LoginPage:47 - Validated Login
2023-03-05 09:52:01,911  INFO [main] LoginPage:47 - Validated Login
2023-03-05 09:52:38,489  INFO [main] LoginPage:47 - Validated Login
2023-03-05 09:53:04,880  INFO [main] LoginPage:47 - Validated Login
2023-03-05 09:53:16,472 DEBUG [main] cache:45 - Couldn't find template in cache for "Extent.ftl"("en_US", UTF-8, parsed); will try to load it.
2023-03-05 09:53:16,474 DEBUG [main] cache:45 - TemplateLoader.findTemplateSource("Extent_en_US.ftl"): Not found
2023-03-05 09:53:16,476 DEBUG [main] cache:45 - TemplateLoader.findTemplateSource("Extent_en.ftl"): Not found
2023-03-05 09:53:16,479 DEBUG [main] cache:45 - TemplateLoader.findTemplateSource("Extent.ftl"): Found
2023-03-05 09:53:16,480 DEBUG [main] cache:45 - Loading template for "Extent.ftl"("en_US", UTF-8, parsed) from "jar:file:/C:/Users/Pasan/.m2/repository/com/relevantcodes/extentreports/2.41.2/extentreports-2.41.2.jar!/com/relevantcodes/extentreports/view/Extent.ftl"
2023-03-05 09:53:16,859 DEBUG [main] cache:45 - Couldn't find template in cache for "Extent.ftl"("en_US", UTF-8, parsed); will try to load it.
2023-03-05 09:53:16,860 DEBUG [main] cache:45 - TemplateLoader.findTemplateSource("Extent_en_US.ftl"): Not found
2023-03-05 09:53:16,862 DEBUG [main] cache:45 - TemplateLoader.findTemplateSource("Extent_en.ftl"): Not found
2023-03-05 09:53:16,863 DEBUG [main] cache:45 - TemplateLoader.findTemplateSource("Extent.ftl"): Found
2023-03-05 09:53:16,863 DEBUG [main] cache:45 - Loading template for "Extent.ftl"("en_US", UTF-8, parsed) from "jar:file:/C:/Users/Pasan/.m2/repository/com/relevantcodes/extentreports/2.41.2/extentreports-2.41.2.jar!/com/relevantcodes/extentreports/view/Extent.ftl"
2023-03-05 10:18:28,005  INFO [main] LoginPage:47 - Validated Login
2023-03-05 19:57:22,425  INFO [main] LoginPage:37 - Validated Title
2023-03-06 09:32:51,901  INFO [main] LoginPage:37 - Validated Title
2023-03-06 09:42:56,786  INFO [main] LoginPage:37 - Validated Title
2023-03-06 10:17:55,296  INFO [main] LoginPage:37 - Validated Title
2023-03-06 10:25:09,114  INFO [main] LoginPage:37 - Validated Title
2023-03-06 10:29:35,087  INFO [main] LoginPage:37 - Validated Title
2023-03-06 10:31:52,644  INFO [main] LoginPage:37 - Validated Title
2023-03-06 10:33:23,228  INFO [main] LoginPage:37 - Validated Title
2023-03-06 10:40:32,921  INFO [main] LoginPage:37 - Validated Title
2023-03-06 10:42:17,012  INFO [main] LoginPage:37 - Validated Title
2023-03-06 10:50:55,906  INFO [main] LoginPage:37 - Validated Title
2023-03-06 10:55:58,493  INFO [main] LoginPage:37 - Validated Title
2023-03-06 11:03:39,281  INFO [main] LoginPage:37 - Validated Title
2023-03-06 11:09:21,894  INFO [main] LoginPage:37 - Validated Title
2023-03-06 11:15:47,882  INFO [main] LoginPage:37 - Validated Title
2023-03-06 11:25:39,097  INFO [main] LoginPage:37 - Validated Title
2023-03-06 11:41:02,391  INFO [main] LoginPage:37 - Validated Title
2023-03-06 11:43:02,655  INFO [main] LoginPage:37 - Validated Title
2023-03-06 11:44:52,499  INFO [main] LoginPage:60 - Validated Login
2023-03-06 11:45:09,190  INFO [main] LoginPage:60 - Validated Login
2023-03-06 11:45:30,600  INFO [main] LoginPage:60 - Validated Login
2023-03-06 11:45:47,889  INFO [main] LoginPage:60 - Validated Login
2023-03-06 11:45:57,154 DEBUG [main] cache:45 - Couldn't find template in cache for "Extent.ftl"("en_US", UTF-8, parsed); will try to load it.
2023-03-06 11:45:57,155 DEBUG [main] cache:45 - TemplateLoader.findTemplateSource("Extent_en_US.ftl"): Not found
2023-03-06 11:45:57,156 DEBUG [main] cache:45 - TemplateLoader.findTemplateSource("Extent_en.ftl"): Not found
2023-03-06 11:45:57,157 DEBUG [main] cache:45 - TemplateLoader.findTemplateSource("Extent.ftl"): Found
2023-03-06 11:45:57,157 DEBUG [main] cache:45 - Loading template for "Extent.ftl"("en_US", UTF-8, parsed) from "jar:file:/C:/Users/Pasan/.m2/repository/com/relevantcodes/extentreports/2.41.2/extentreports-2.41.2.jar!/com/relevantcodes/extentreports/view/Extent.ftl"
2023-03-06 11:45:57,298 DEBUG [main] cache:45 - Couldn't find template in cache for "Extent.ftl"("en_US", UTF-8, parsed); will try to load it.
2023-03-06 11:45:57,299 DEBUG [main] cache:45 - TemplateLoader.findTemplateSource("Extent_en_US.ftl"): Not found
2023-03-06 11:45:57,299 DEBUG [main] cache:45 - TemplateLoader.findTemplateSource("Extent_en.ftl"): Not found
2023-03-06 11:45:57,300 DEBUG [main] cache:45 - TemplateLoader.findTemplateSource("Extent.ftl"): Found
2023-03-06 11:45:57,300 DEBUG [main] cache:45 - Loading template for "Extent.ftl"("en_US", UTF-8, parsed) from "jar:file:/C:/Users/Pasan/.m2/repository/com/relevantcodes/extentreports/2.41.2/extentreports-2.41.2.jar!/com/relevantcodes/extentreports/view/Extent.ftl"
